<?xml version="1.0" encoding="UTF-8"?>
<testsuite xmlns:xsi="http://www.w3.org/2001/XMLSchema-instance" xsi:noNamespaceSchemaLocation="https://maven.apache.org/surefire/maven-surefire-plugin/xsd/surefire-test-report.xsd" name="com.epam.project.services.NewsServiceTest" time="0.045" tests="6" errors="0" skipped="0" failures="0">
  <properties>
[...]
</properties>
  <testcase name="testDeleteNewsById" classname="com.epam.project.services.NewsServiceTest" time="0.004"/>
  <testcase name="testFindAll" classname="com.epam.project.services.NewsServiceTest" time="0.001"/>
  <testcase name="testSave" classname="com.epam.project.services.NewsServiceTest" time="0"/>
  <testcase name="testUpdateNews" classname="com.epam.project.services.NewsServiceTest" time="0"/>
  <testcase name="testFindById" classname="com.epam.project.services.NewsServiceTest" time="0"/>
  <testcase name="testDelete" classname="com.epam.project.services.NewsServiceTest" time="0"/>
</testsuite>